{
  "RSpec": {
    "coverage": {
      "/Users/krollsw1/workspace/rails_heroku_test/app/controllers/application_controller.rb": [
        0,
        0,
        0,
        0,
        0
      ],
      "/Users/krollsw1/workspace/rails_heroku_test/app/controllers/welcome_controller.rb": [
        0,
        0,
        0,
        0,
        0
      ],
      "/Users/krollsw1/workspace/rails_heroku_test/app/helpers/application_helper.rb": [
        0,
        0
      ]
    },
    "timestamp": 1467718661
  }
}
